2020-12-06 12:53:41.405  INFO 4312 --- [main] com.store.doan.DoanApplicationTests      : Starting DoanApplicationTests on DESKTOP-79K4QD0 with PID 4312 (started by 16119 in F:\fullstack-springboot-react\project-for-tien\doan)
2020-12-06 12:53:41.413  INFO 4312 --- [main] com.store.doan.DoanApplicationTests      : The following profiles are active: dev
2020-12-06 12:53:45.275  INFO 4312 --- [main] .s.d.r.c.RepositoryConfigurationDelegate : Bootstrapping Spring Data JPA repositories in DEFAULT mode.
2020-12-06 12:53:45.722  INFO 4312 --- [main] .s.d.r.c.RepositoryConfigurationDelegate : Finished Spring Data repository scanning in 371ms. Found 12 JPA repository interfaces.
2020-12-06 12:53:48.065  INFO 4312 --- [main] o.hibernate.jpa.internal.util.LogHelper  : HHH000204: Processing PersistenceUnitInfo [name: default]
2020-12-06 12:53:48.384  INFO 4312 --- [main] org.hibernate.Version                    : HHH000412: Hibernate ORM core version 5.4.21.Final
2020-12-06 12:53:48.921  INFO 4312 --- [main] o.hibernate.annotations.common.Version   : HCANN000001: Hibernate Commons Annotations {5.1.0.Final}
2020-12-06 12:53:49.963  INFO 4312 --- [main] com.zaxxer.hikari.HikariDataSource       : HikariPool-1 - Starting...
2020-12-06 12:53:51.405  INFO 4312 --- [main] com.zaxxer.hikari.HikariDataSource       : HikariPool-1 - Start completed.
2020-12-06 12:53:51.742  INFO 4312 --- [main] org.hibernate.dialect.Dialect            : HHH000400: Using dialect: org.hibernate.dialect.MySQL5InnoDBDialect
2020-12-06 12:53:55.574  INFO 4312 --- [main] o.h.e.t.j.p.i.JtaPlatformInitiator       : HHH000490: Using JtaPlatform implementation: [org.hibernate.engine.transaction.jta.platform.internal.NoJtaPlatform]
2020-12-06 12:53:55.617  INFO 4312 --- [main] j.LocalContainerEntityManagerFactoryBean : Initialized JPA EntityManagerFactory for persistence unit 'default'
2020-12-06 12:53:55.768  WARN 4312 --- [main] JpaBaseConfiguration$JpaWebConfiguration : spring.jpa.open-in-view is enabled by default. Therefore, database queries may be performed during view rendering. Explicitly configure spring.jpa.open-in-view to disable this warning
2020-12-06 12:53:59.071  INFO 4312 --- [main] o.s.b.a.w.s.WelcomePageHandlerMapping    : Adding welcome page: class path resource [public/index.html]
2020-12-06 12:53:59.729  INFO 4312 --- [main] o.s.s.web.DefaultSecurityFilterChain     : Creating filter chain: any request, [org.springframework.security.web.context.request.async.WebAsyncManagerIntegrationFilter@625f5712, org.springframework.security.web.context.SecurityContextPersistenceFilter@5615f82d, org.springframework.security.web.header.HeaderWriterFilter@4ff9f715, org.springframework.web.filter.CorsFilter@5e62ca19, org.springframework.security.web.authentication.logout.LogoutFilter@31433df9, com.store.doan.security.jwt.AuthTokenFilter@1ab268bd, org.springframework.security.web.savedrequest.RequestCacheAwareFilter@3dc2f14, org.springframework.security.web.servletapi.SecurityContextHolderAwareRequestFilter@651cedfb, org.springframework.security.web.authentication.AnonymousAuthenticationFilter@188bf4d8, org.springframework.security.web.session.SessionManagementFilter@58b5f7d2, org.springframework.security.web.access.ExceptionTranslationFilter@470135da, org.springframework.security.web.access.intercept.FilterSecurityInterceptor@104bc677]
2020-12-06 12:54:00.404  INFO 4312 --- [main] o.s.s.concurrent.ThreadPoolTaskExecutor  : Initializing ExecutorService 'applicationTaskExecutor'
2020-12-06 12:54:01.036  INFO 4312 --- [main] com.store.doan.DoanApplicationTests      : Started DoanApplicationTests in 20.45 seconds (JVM running for 24.436)
2020-12-06 12:54:01.066  INFO 4312 --- [main] com.store.doan.config.InitDefaultData    : app ready!
2020-12-06 12:54:01.459  INFO 4312 --- [SpringContextShutdownHook] o.s.s.concurrent.ThreadPoolTaskExecutor  : Shutting down ExecutorService 'applicationTaskExecutor'
2020-12-06 12:54:01.468  INFO 4312 --- [SpringContextShutdownHook] j.LocalContainerEntityManagerFactoryBean : Closing JPA EntityManagerFactory for persistence unit 'default'
2020-12-06 12:54:01.471  INFO 4312 --- [SpringContextShutdownHook] com.zaxxer.hikari.HikariDataSource       : HikariPool-1 - Shutdown initiated...
2020-12-06 12:54:01.487  INFO 4312 --- [SpringContextShutdownHook] com.zaxxer.hikari.HikariDataSource       : HikariPool-1 - Shutdown completed.
2020-12-06 17:02:15.640  INFO 23240 --- [main] com.store.doan.DoanApplication           : Starting DoanApplication on DESKTOP-79K4QD0 with PID 23240 (F:\fullstack-springboot-react\project-for-tien\doan\target\classes started by 16119 in F:\fullstack-springboot-react\project-for-tien\doan)
2020-12-06 17:02:16.002  INFO 23240 --- [main] com.store.doan.DoanApplication           : The following profiles are active: dev
2020-12-06 17:02:17.922  INFO 23240 --- [main] .s.d.r.c.RepositoryConfigurationDelegate : Bootstrapping Spring Data JPA repositories in DEFAULT mode.
2020-12-06 17:02:18.165  INFO 23240 --- [main] .s.d.r.c.RepositoryConfigurationDelegate : Finished Spring Data repository scanning in 228ms. Found 12 JPA repository interfaces.
2020-12-06 17:02:37.268  INFO 23240 --- [main] o.s.b.w.embedded.tomcat.TomcatWebServer  : Tomcat initialized with port(s): 8080 (http)
2020-12-06 17:02:37.939  INFO 23240 --- [main] o.apache.catalina.core.StandardService   : Starting service [Tomcat]
2020-12-06 17:02:37.939  INFO 23240 --- [main] org.apache.catalina.core.StandardEngine  : Starting Servlet engine: [Apache Tomcat/9.0.38]
2020-12-06 17:02:40.484  INFO 23240 --- [main] o.a.c.c.C.[Tomcat].[localhost].[/]       : Initializing Spring embedded WebApplicationContext
2020-12-06 17:02:40.485  INFO 23240 --- [main] w.s.c.ServletWebServerApplicationContext : Root WebApplicationContext: initialization completed in 24341 ms
2020-12-06 17:02:40.842  WARN 23240 --- [main] JpaBaseConfiguration$JpaWebConfiguration : spring.jpa.open-in-view is enabled by default. Therefore, database queries may be performed during view rendering. Explicitly configure spring.jpa.open-in-view to disable this warning
2020-12-06 17:02:41.648  INFO 23240 --- [main] o.hibernate.jpa.internal.util.LogHelper  : HHH000204: Processing PersistenceUnitInfo [name: default]
2020-12-06 17:02:43.453  INFO 23240 --- [main] org.hibernate.Version                    : HHH000412: Hibernate ORM core version 5.4.21.Final
2020-12-06 17:02:44.656  INFO 23240 --- [main] o.hibernate.annotations.common.Version   : HCANN000001: Hibernate Commons Annotations {5.1.0.Final}
2020-12-06 17:02:45.385  INFO 23240 --- [main] com.zaxxer.hikari.HikariDataSource       : HikariPool-1 - Starting...
2020-12-06 17:02:51.315  INFO 23240 --- [main] com.zaxxer.hikari.HikariDataSource       : HikariPool-1 - Start completed.
2020-12-06 17:02:51.598  INFO 23240 --- [main] org.hibernate.dialect.Dialect            : HHH000400: Using dialect: org.hibernate.dialect.MySQL5InnoDBDialect
2020-12-06 17:03:00.545  INFO 23240 --- [main] o.h.e.t.j.p.i.JtaPlatformInitiator       : HHH000490: Using JtaPlatform implementation: [org.hibernate.engine.transaction.jta.platform.internal.NoJtaPlatform]
2020-12-06 17:03:00.644  INFO 23240 --- [main] j.LocalContainerEntityManagerFactoryBean : Initialized JPA EntityManagerFactory for persistence unit 'default'
2020-12-06 17:03:05.558  INFO 23240 --- [main] o.s.b.a.w.s.WelcomePageHandlerMapping    : Adding welcome page: class path resource [public/index.html]
2020-12-06 17:03:06.026  INFO 23240 --- [main] o.s.s.web.DefaultSecurityFilterChain     : Creating filter chain: any request, [org.springframework.security.web.context.request.async.WebAsyncManagerIntegrationFilter@65da4a5d, org.springframework.security.web.context.SecurityContextPersistenceFilter@71668a67, org.springframework.security.web.header.HeaderWriterFilter@51869ad6, org.springframework.web.filter.CorsFilter@fbe8fd3, org.springframework.security.web.authentication.logout.LogoutFilter@131d977f, com.store.doan.security.jwt.AuthTokenFilter@53b7bf01, org.springframework.security.web.savedrequest.RequestCacheAwareFilter@2ecdcfe3, org.springframework.security.web.servletapi.SecurityContextHolderAwareRequestFilter@2110684a, org.springframework.security.web.authentication.AnonymousAuthenticationFilter@1ab268bd, org.springframework.security.web.session.SessionManagementFilter@5a6efe33, org.springframework.security.web.access.ExceptionTranslationFilter@1eb9d69a, org.springframework.security.web.access.intercept.FilterSecurityInterceptor@5d74507c]
2020-12-06 17:03:06.234  INFO 23240 --- [main] o.s.s.concurrent.ThreadPoolTaskExecutor  : Initializing ExecutorService 'applicationTaskExecutor'
2020-12-06 17:03:07.808  INFO 23240 --- [main] o.s.b.w.embedded.tomcat.TomcatWebServer  : Tomcat started on port(s): 8080 (http) with context path ''
2020-12-06 17:03:07.813  INFO 23240 --- [main] com.store.doan.DoanApplication           : Started DoanApplication in 53.584 seconds (JVM running for 54.852)
2020-12-06 17:03:07.842  INFO 23240 --- [main] com.store.doan.config.InitDefaultData    : app ready!
2020-12-06 17:04:29.175  INFO 23240 --- [http-nio-8080-exec-1] o.a.c.c.C.[Tomcat].[localhost].[/]       : Initializing Spring DispatcherServlet 'dispatcherServlet'
2020-12-06 17:04:29.176  INFO 23240 --- [http-nio-8080-exec-1] o.s.web.servlet.DispatcherServlet        : Initializing Servlet 'dispatcherServlet'
2020-12-06 17:04:29.194  INFO 23240 --- [http-nio-8080-exec-1] o.s.web.servlet.DispatcherServlet        : Completed initialization in 18 ms
2020-12-06 18:38:13.520 ERROR 23240 --- [http-nio-8080-exec-8] o.a.c.c.C.[.[.[/].[dispatcherServlet]    : Servlet.service() for servlet [dispatcherServlet] in context with path [] threw exception [Request processing failed; nested exception is java.lang.NullPointerException] with root cause

java.lang.NullPointerException: null
	at com.store.doan.service.impl.QuotationServiceImpl.checkChangeValue(QuotationServiceImpl.java:303) ~[classes/:na]
	at com.store.doan.service.impl.QuotationServiceImpl.update(QuotationServiceImpl.java:260) ~[classes/:na]
	at com.store.doan.service.impl.QuotationServiceImpl$$FastClassBySpringCGLIB$$376a902.invoke(<generated>) ~[classes/:na]
	at org.springframework.cglib.proxy.MethodProxy.invoke(MethodProxy.java:218) ~[spring-core-5.2.9.RELEASE.jar:5.2.9.RELEASE]
	at org.springframework.aop.framework.CglibAopProxy$CglibMethodInvocation.invokeJoinpoint(CglibAopProxy.java:771) ~[spring-aop-5.2.9.RELEASE.jar:5.2.9.RELEASE]
	at org.springframework.aop.framework.ReflectiveMethodInvocation.proceed(ReflectiveMethodInvocation.java:163) ~[spring-aop-5.2.9.RELEASE.jar:5.2.9.RELEASE]
	at org.springframework.aop.framework.CglibAopProxy$CglibMethodInvocation.proceed(CglibAopProxy.java:749) ~[spring-aop-5.2.9.RELEASE.jar:5.2.9.RELEASE]
	at org.springframework.transaction.interceptor.TransactionAspectSupport.invokeWithinTransaction(TransactionAspectSupport.java:367) ~[spring-tx-5.2.9.RELEASE.jar:5.2.9.RELEASE]
	at org.springframework.transaction.interceptor.TransactionInterceptor.invoke(TransactionInterceptor.java:118) ~[spring-tx-5.2.9.RELEASE.jar:5.2.9.RELEASE]
	at org.springframework.aop.framework.ReflectiveMethodInvocation.proceed(ReflectiveMethodInvocation.java:186) ~[spring-aop-5.2.9.RELEASE.jar:5.2.9.RELEASE]
	at org.springframework.aop.framework.CglibAopProxy$CglibMethodInvocation.proceed(CglibAopProxy.java:749) ~[spring-aop-5.2.9.RELEASE.jar:5.2.9.RELEASE]
	at org.springframework.aop.framework.CglibAopProxy$DynamicAdvisedInterceptor.intercept(CglibAopProxy.java:691) ~[spring-aop-5.2.9.RELEASE.jar:5.2.9.RELEASE]
	at com.store.doan.service.impl.QuotationServiceImpl$$EnhancerBySpringCGLIB$$42942f21.update(<generated>) ~[classes/:na]
	at com.store.doan.api.QuotationApi.update(QuotationApi.java:89) ~[classes/:na]
	at sun.reflect.NativeMethodAccessorImpl.invoke0(Native Method) ~[na:1.8.0_231]
	at sun.reflect.NativeMethodAccessorImpl.invoke(Unknown Source) ~[na:1.8.0_231]
	at sun.reflect.DelegatingMethodAccessorImpl.invoke(Unknown Source) ~[na:1.8.0_231]
	at java.lang.reflect.Method.invoke(Unknown Source) ~[na:1.8.0_231]
	at org.springframework.web.method.support.InvocableHandlerMethod.doInvoke(InvocableHandlerMethod.java:190) ~[spring-web-5.2.9.RELEASE.jar:5.2.9.RELEASE]
	at org.springframework.web.method.support.InvocableHandlerMethod.invokeForRequest(InvocableHandlerMethod.java:138) ~[spring-web-5.2.9.RELEASE.jar:5.2.9.RELEASE]
	at org.springframework.web.servlet.mvc.method.annotation.ServletInvocableHandlerMethod.invokeAndHandle(ServletInvocableHandlerMethod.java:105) ~[spring-webmvc-5.2.9.RELEASE.jar:5.2.9.RELEASE]
	at org.springframework.web.servlet.mvc.method.annotation.RequestMappingHandlerAdapter.invokeHandlerMethod(RequestMappingHandlerAdapter.java:878) ~[spring-webmvc-5.2.9.RELEASE.jar:5.2.9.RELEASE]
	at org.springframework.web.servlet.mvc.method.annotation.RequestMappingHandlerAdapter.handleInternal(RequestMappingHandlerAdapter.java:792) ~[spring-webmvc-5.2.9.RELEASE.jar:5.2.9.RELEASE]
	at org.springframework.web.servlet.mvc.method.AbstractHandlerMethodAdapter.handle(AbstractHandlerMethodAdapter.java:87) ~[spring-webmvc-5.2.9.RELEASE.jar:5.2.9.RELEASE]
	at org.springframework.web.servlet.DispatcherServlet.doDispatch(DispatcherServlet.java:1040) ~[spring-webmvc-5.2.9.RELEASE.jar:5.2.9.RELEASE]
	at org.springframework.web.servlet.DispatcherServlet.doService(DispatcherServlet.java:943) ~[spring-webmvc-5.2.9.RELEASE.jar:5.2.9.RELEASE]
	at org.springframework.web.servlet.FrameworkServlet.processRequest(FrameworkServlet.java:1006) ~[spring-webmvc-5.2.9.RELEASE.jar:5.2.9.RELEASE]
	at org.springframework.web.servlet.FrameworkServlet.doPut(FrameworkServlet.java:920) ~[spring-webmvc-5.2.9.RELEASE.jar:5.2.9.RELEASE]
	at javax.servlet.http.HttpServlet.service(HttpServlet.java:655) ~[tomcat-embed-core-9.0.38.jar:4.0.FR]
	at org.springframework.web.servlet.FrameworkServlet.service(FrameworkServlet.java:883) ~[spring-webmvc-5.2.9.RELEASE.jar:5.2.9.RELEASE]
	at javax.servlet.http.HttpServlet.service(HttpServlet.java:733) ~[tomcat-embed-core-9.0.38.jar:4.0.FR]
	at org.apache.catalina.core.ApplicationFilterChain.internalDoFilter(ApplicationFilterChain.java:231) ~[tomcat-embed-core-9.0.38.jar:9.0.38]
	at org.apache.catalina.core.ApplicationFilterChain.doFilter(ApplicationFilterChain.java:166) ~[tomcat-embed-core-9.0.38.jar:9.0.38]
	at org.apache.tomcat.websocket.server.WsFilter.doFilter(WsFilter.java:53) ~[tomcat-embed-websocket-9.0.38.jar:9.0.38]
	at org.apache.catalina.core.ApplicationFilterChain.internalDoFilter(ApplicationFilterChain.java:193) ~[tomcat-embed-core-9.0.38.jar:9.0.38]
	at org.apache.catalina.core.ApplicationFilterChain.doFilter(ApplicationFilterChain.java:166) ~[tomcat-embed-core-9.0.38.jar:9.0.38]
	at org.springframework.web.filter.OncePerRequestFilter.doFilter(OncePerRequestFilter.java:113) ~[spring-web-5.2.9.RELEASE.jar:5.2.9.RELEASE]
	at org.apache.catalina.core.ApplicationFilterChain.internalDoFilter(ApplicationFilterChain.java:193) ~[tomcat-embed-core-9.0.38.jar:9.0.38]
	at org.apache.catalina.core.ApplicationFilterChain.doFilter(ApplicationFilterChain.java:166) ~[tomcat-embed-core-9.0.38.jar:9.0.38]
	at org.springframework.security.web.FilterChainProxy$VirtualFilterChain.doFilter(FilterChainProxy.java:320) ~[spring-security-web-5.2.6.RELEASE.jar:5.2.6.RELEASE]
	at org.springframework.security.web.access.intercept.FilterSecurityInterceptor.invoke(FilterSecurityInterceptor.java:126) ~[spring-security-web-5.2.6.RELEASE.jar:5.2.6.RELEASE]
	at org.springframework.security.web.access.intercept.FilterSecurityInterceptor.doFilter(FilterSecurityInterceptor.java:90) ~[spring-security-web-5.2.6.RELEASE.jar:5.2.6.RELEASE]
	at org.springframework.security.web.FilterChainProxy$VirtualFilterChain.doFilter(FilterChainProxy.java:334) ~[spring-security-web-5.2.6.RELEASE.jar:5.2.6.RELEASE]
	at org.springframework.security.web.access.ExceptionTranslationFilter.doFilter(ExceptionTranslationFilter.java:118) ~[spring-security-web-5.2.6.RELEASE.jar:5.2.6.RELEASE]
	at org.springframework.security.web.FilterChainProxy$VirtualFilterChain.doFilter(FilterChainProxy.java:334) ~[spring-security-web-5.2.6.RELEASE.jar:5.2.6.RELEASE]
	at org.springframework.security.web.session.SessionManagementFilter.doFilter(SessionManagementFilter.java:137) ~[spring-security-web-5.2.6.RELEASE.jar:5.2.6.RELEASE]
	at org.springframework.security.web.FilterChainProxy$VirtualFilterChain.doFilter(FilterChainProxy.java:334) ~[spring-security-web-5.2.6.RELEASE.jar:5.2.6.RELEASE]
	at org.springframework.security.web.authentication.AnonymousAuthenticationFilter.doFilter(AnonymousAuthenticationFilter.java:111) ~[spring-security-web-5.2.6.RELEASE.jar:5.2.6.RELEASE]
	at org.springframework.security.web.FilterChainProxy$VirtualFilterChain.doFilter(FilterChainProxy.java:334) ~[spring-security-web-5.2.6.RELEASE.jar:5.2.6.RELEASE]
	at org.springframework.security.web.servletapi.SecurityContextHolderAwareRequestFilter.doFilter(SecurityContextHolderAwareRequestFilter.java:158) ~[spring-security-web-5.2.6.RELEASE.jar:5.2.6.RELEASE]
	at org.springframework.security.web.FilterChainProxy$VirtualFilterChain.doFilter(FilterChainProxy.java:334) ~[spring-security-web-5.2.6.RELEASE.jar:5.2.6.RELEASE]
	at org.springframework.security.web.savedrequest.RequestCacheAwareFilter.doFilter(RequestCacheAwareFilter.java:63) ~[spring-security-web-5.2.6.RELEASE.jar:5.2.6.RELEASE]
	at org.springframework.security.web.FilterChainProxy$VirtualFilterChain.doFilter(FilterChainProxy.java:334) ~[spring-security-web-5.2.6.RELEASE.jar:5.2.6.RELEASE]
	at com.store.doan.security.jwt.AuthTokenFilter.doFilterInternal(AuthTokenFilter.java:52) ~[classes/:na]
	at org.springframework.web.filter.OncePerRequestFilter.doFilter(OncePerRequestFilter.java:119) ~[spring-web-5.2.9.RELEASE.jar:5.2.9.RELEASE]
	at org.springframework.security.web.FilterChainProxy$VirtualFilterChain.doFilter(FilterChainProxy.java:334) ~[spring-security-web-5.2.6.RELEASE.jar:5.2.6.RELEASE]
	at org.springframework.security.web.authentication.logout.LogoutFilter.doFilter(LogoutFilter.java:116) ~[spring-security-web-5.2.6.RELEASE.jar:5.2.6.RELEASE]
	at org.springframework.security.web.FilterChainProxy$VirtualFilterChain.doFilter(FilterChainProxy.java:334) ~[spring-security-web-5.2.6.RELEASE.jar:5.2.6.RELEASE]
	at org.springframework.web.filter.CorsFilter.doFilterInternal(CorsFilter.java:92) ~[spring-web-5.2.9.RELEASE.jar:5.2.9.RELEASE]
	at org.springframework.web.filter.OncePerRequestFilter.doFilter(OncePerRequestFilter.java:119) ~[spring-web-5.2.9.RELEASE.jar:5.2.9.RELEASE]
	at org.springframework.security.web.FilterChainProxy$VirtualFilterChain.doFilter(FilterChainProxy.java:334) ~[spring-security-web-5.2.6.RELEASE.jar:5.2.6.RELEASE]
	at org.springframework.security.web.header.HeaderWriterFilter.doHeadersAfter(HeaderWriterFilter.java:92) ~[spring-security-web-5.2.6.RELEASE.jar:5.2.6.RELEASE]
	at org.springframework.security.web.header.HeaderWriterFilter.doFilterInternal(HeaderWriterFilter.java:77) ~[spring-security-web-5.2.6.RELEASE.jar:5.2.6.RELEASE]
	at org.springframework.web.filter.OncePerRequestFilter.doFilter(OncePerRequestFilter.java:119) ~[spring-web-5.2.9.RELEASE.jar:5.2.9.RELEASE]
	at org.springframework.security.web.FilterChainProxy$VirtualFilterChain.doFilter(FilterChainProxy.java:334) ~[spring-security-web-5.2.6.RELEASE.jar:5.2.6.RELEASE]
	at org.springframework.security.web.context.SecurityContextPersistenceFilter.doFilter(SecurityContextPersistenceFilter.java:105) ~[spring-security-web-5.2.6.RELEASE.jar:5.2.6.RELEASE]
	at org.springframework.security.web.FilterChainProxy$VirtualFilterChain.doFilter(FilterChainProxy.java:334) ~[spring-security-web-5.2.6.RELEASE.jar:5.2.6.RELEASE]
	at org.springframework.security.web.context.request.async.WebAsyncManagerIntegrationFilter.doFilterInternal(WebAsyncManagerIntegrationFilter.java:56) ~[spring-security-web-5.2.6.RELEASE.jar:5.2.6.RELEASE]
	at org.springframework.web.filter.OncePerRequestFilter.doFilter(OncePerRequestFilter.java:119) ~[spring-web-5.2.9.RELEASE.jar:5.2.9.RELEASE]
	at org.springframework.security.web.FilterChainProxy$VirtualFilterChain.doFilter(FilterChainProxy.java:334) ~[spring-security-web-5.2.6.RELEASE.jar:5.2.6.RELEASE]
	at org.springframework.security.web.FilterChainProxy.doFilterInternal(FilterChainProxy.java:215) ~[spring-security-web-5.2.6.RELEASE.jar:5.2.6.RELEASE]
	at org.springframework.security.web.FilterChainProxy.doFilter(FilterChainProxy.java:178) ~[spring-security-web-5.2.6.RELEASE.jar:5.2.6.RELEASE]
	at org.springframework.web.filter.DelegatingFilterProxy.invokeDelegate(DelegatingFilterProxy.java:358) ~[spring-web-5.2.9.RELEASE.jar:5.2.9.RELEASE]
	at org.springframework.web.filter.DelegatingFilterProxy.doFilter(DelegatingFilterProxy.java:271) ~[spring-web-5.2.9.RELEASE.jar:5.2.9.RELEASE]
	at org.apache.catalina.core.ApplicationFilterChain.internalDoFilter(ApplicationFilterChain.java:193) ~[tomcat-embed-core-9.0.38.jar:9.0.38]
	at org.apache.catalina.core.ApplicationFilterChain.doFilter(ApplicationFilterChain.java:166) ~[tomcat-embed-core-9.0.38.jar:9.0.38]
	at org.springframework.web.filter.RequestContextFilter.doFilterInternal(RequestContextFilter.java:100) ~[spring-web-5.2.9.RELEASE.jar:5.2.9.RELEASE]
	at org.springframework.web.filter.OncePerRequestFilter.doFilter(OncePerRequestFilter.java:119) ~[spring-web-5.2.9.RELEASE.jar:5.2.9.RELEASE]
	at org.apache.catalina.core.ApplicationFilterChain.internalDoFilter(ApplicationFilterChain.java:193) ~[tomcat-embed-core-9.0.38.jar:9.0.38]
	at org.apache.catalina.core.ApplicationFilterChain.doFilter(ApplicationFilterChain.java:166) ~[tomcat-embed-core-9.0.38.jar:9.0.38]
	at org.springframework.web.filter.FormContentFilter.doFilterInternal(FormContentFilter.java:93) ~[spring-web-5.2.9.RELEASE.jar:5.2.9.RELEASE]
	at org.springframework.web.filter.OncePerRequestFilter.doFilter(OncePerRequestFilter.java:119) ~[spring-web-5.2.9.RELEASE.jar:5.2.9.RELEASE]
	at org.apache.catalina.core.ApplicationFilterChain.internalDoFilter(ApplicationFilterChain.java:193) ~[tomcat-embed-core-9.0.38.jar:9.0.38]
	at org.apache.catalina.core.ApplicationFilterChain.doFilter(ApplicationFilterChain.java:166) ~[tomcat-embed-core-9.0.38.jar:9.0.38]
	at org.springframework.web.filter.CharacterEncodingFilter.doFilterInternal(CharacterEncodingFilter.java:201) ~[spring-web-5.2.9.RELEASE.jar:5.2.9.RELEASE]
	at org.springframework.web.filter.OncePerRequestFilter.doFilter(OncePerRequestFilter.java:119) ~[spring-web-5.2.9.RELEASE.jar:5.2.9.RELEASE]
	at org.apache.catalina.core.ApplicationFilterChain.internalDoFilter(ApplicationFilterChain.java:193) ~[tomcat-embed-core-9.0.38.jar:9.0.38]
	at org.apache.catalina.core.ApplicationFilterChain.doFilter(ApplicationFilterChain.java:166) ~[tomcat-embed-core-9.0.38.jar:9.0.38]
	at org.apache.catalina.core.StandardWrapperValve.invoke(StandardWrapperValve.java:202) ~[tomcat-embed-core-9.0.38.jar:9.0.38]
	at org.apache.catalina.core.StandardContextValve.invoke(StandardContextValve.java:97) [tomcat-embed-core-9.0.38.jar:9.0.38]
	at org.apache.catalina.authenticator.AuthenticatorBase.invoke(AuthenticatorBase.java:541) [tomcat-embed-core-9.0.38.jar:9.0.38]
	at org.apache.catalina.core.StandardHostValve.invoke(StandardHostValve.java:143) [tomcat-embed-core-9.0.38.jar:9.0.38]
	at org.apache.catalina.valves.ErrorReportValve.invoke(ErrorReportValve.java:92) [tomcat-embed-core-9.0.38.jar:9.0.38]
	at org.apache.catalina.core.StandardEngineValve.invoke(StandardEngineValve.java:78) [tomcat-embed-core-9.0.38.jar:9.0.38]
	at org.apache.catalina.connector.CoyoteAdapter.service(CoyoteAdapter.java:343) [tomcat-embed-core-9.0.38.jar:9.0.38]
	at org.apache.coyote.http11.Http11Processor.service(Http11Processor.java:374) [tomcat-embed-core-9.0.38.jar:9.0.38]
	at org.apache.coyote.AbstractProcessorLight.process(AbstractProcessorLight.java:65) [tomcat-embed-core-9.0.38.jar:9.0.38]
	at org.apache.coyote.AbstractProtocol$ConnectionHandler.process(AbstractProtocol.java:868) [tomcat-embed-core-9.0.38.jar:9.0.38]
	at org.apache.tomcat.util.net.NioEndpoint$SocketProcessor.doRun(NioEndpoint.java:1590) [tomcat-embed-core-9.0.38.jar:9.0.38]
	at org.apache.tomcat.util.net.SocketProcessorBase.run(SocketProcessorBase.java:49) [tomcat-embed-core-9.0.38.jar:9.0.38]
	at java.util.concurrent.ThreadPoolExecutor.runWorker(Unknown Source) [na:1.8.0_231]
	at java.util.concurrent.ThreadPoolExecutor$Worker.run(Unknown Source) [na:1.8.0_231]
	at org.apache.tomcat.util.threads.TaskThread$WrappingRunnable.run(TaskThread.java:61) [tomcat-embed-core-9.0.38.jar:9.0.38]
	at java.lang.Thread.run(Unknown Source) [na:1.8.0_231]

2020-12-06 18:39:07.860  INFO 8884 --- [main] com.store.doan.DoanApplication           : Starting DoanApplication on DESKTOP-79K4QD0 with PID 8884 (F:\fullstack-springboot-react\project-for-tien\doan\target\classes started by 16119 in F:\fullstack-springboot-react\project-for-tien\doan)
2020-12-06 18:39:07.866  INFO 8884 --- [main] com.store.doan.DoanApplication           : The following profiles are active: dev
2020-12-06 18:39:09.505  INFO 8884 --- [main] .s.d.r.c.RepositoryConfigurationDelegate : Bootstrapping Spring Data JPA repositories in DEFAULT mode.
2020-12-06 18:39:09.741  INFO 8884 --- [main] .s.d.r.c.RepositoryConfigurationDelegate : Finished Spring Data repository scanning in 219ms. Found 12 JPA repository interfaces.
2020-12-06 18:39:11.345  INFO 8884 --- [main] o.s.b.w.embedded.tomcat.TomcatWebServer  : Tomcat initialized with port(s): 8080 (http)
2020-12-06 18:39:11.360  INFO 8884 --- [main] o.apache.catalina.core.StandardService   : Starting service [Tomcat]
2020-12-06 18:39:11.361  INFO 8884 --- [main] org.apache.catalina.core.StandardEngine  : Starting Servlet engine: [Apache Tomcat/9.0.38]
2020-12-06 18:39:11.516  INFO 8884 --- [main] o.a.c.c.C.[Tomcat].[localhost].[/]       : Initializing Spring embedded WebApplicationContext
2020-12-06 18:39:11.517  INFO 8884 --- [main] w.s.c.ServletWebServerApplicationContext : Root WebApplicationContext: initialization completed in 3371 ms
2020-12-06 18:39:11.637  WARN 8884 --- [main] JpaBaseConfiguration$JpaWebConfiguration : spring.jpa.open-in-view is enabled by default. Therefore, database queries may be performed during view rendering. Explicitly configure spring.jpa.open-in-view to disable this warning
2020-12-06 18:39:11.911  INFO 8884 --- [main] o.hibernate.jpa.internal.util.LogHelper  : HHH000204: Processing PersistenceUnitInfo [name: default]
2020-12-06 18:39:12.000  INFO 8884 --- [main] org.hibernate.Version                    : HHH000412: Hibernate ORM core version 5.4.21.Final
2020-12-06 18:39:12.319  INFO 8884 --- [main] o.hibernate.annotations.common.Version   : HCANN000001: Hibernate Commons Annotations {5.1.0.Final}
2020-12-06 18:39:12.515  INFO 8884 --- [main] com.zaxxer.hikari.HikariDataSource       : HikariPool-1 - Starting...
2020-12-06 18:39:13.677  INFO 8884 --- [main] com.zaxxer.hikari.HikariDataSource       : HikariPool-1 - Start completed.
2020-12-06 18:39:13.701  INFO 8884 --- [main] org.hibernate.dialect.Dialect            : HHH000400: Using dialect: org.hibernate.dialect.MySQL5InnoDBDialect
2020-12-06 18:39:15.667  INFO 8884 --- [main] o.h.e.t.j.p.i.JtaPlatformInitiator       : HHH000490: Using JtaPlatform implementation: [org.hibernate.engine.transaction.jta.platform.internal.NoJtaPlatform]
2020-12-06 18:39:15.678  INFO 8884 --- [main] j.LocalContainerEntityManagerFactoryBean : Initialized JPA EntityManagerFactory for persistence unit 'default'
2020-12-06 18:39:17.758  INFO 8884 --- [main] o.s.b.a.w.s.WelcomePageHandlerMapping    : Adding welcome page: class path resource [public/index.html]
2020-12-06 18:39:17.908  INFO 8884 --- [main] o.s.s.web.DefaultSecurityFilterChain     : Creating filter chain: any request, [org.springframework.security.web.context.request.async.WebAsyncManagerIntegrationFilter@1dbc607d, org.springframework.security.web.context.SecurityContextPersistenceFilter@77f4038c, org.springframework.security.web.header.HeaderWriterFilter@78bd02c8, org.springframework.web.filter.CorsFilter@62b42406, org.springframework.security.web.authentication.logout.LogoutFilter@5fe3b058, com.store.doan.security.jwt.AuthTokenFilter@6a6e9289, org.springframework.security.web.savedrequest.RequestCacheAwareFilter@2c15034f, org.springframework.security.web.servletapi.SecurityContextHolderAwareRequestFilter@3ff26c9, org.springframework.security.web.authentication.AnonymousAuthenticationFilter@a0e33db, org.springframework.security.web.session.SessionManagementFilter@51869ad6, org.springframework.security.web.access.ExceptionTranslationFilter@65015a49, org.springframework.security.web.access.intercept.FilterSecurityInterceptor@2bd2430f]
2020-12-06 18:39:18.025  INFO 8884 --- [main] o.s.s.concurrent.ThreadPoolTaskExecutor  : Initializing ExecutorService 'applicationTaskExecutor'
2020-12-06 18:39:18.303  INFO 8884 --- [main] o.s.b.w.embedded.tomcat.TomcatWebServer  : Tomcat started on port(s): 8080 (http) with context path ''
2020-12-06 18:39:18.306  INFO 8884 --- [main] com.store.doan.DoanApplication           : Started DoanApplication in 11.101 seconds (JVM running for 11.714)
2020-12-06 18:39:18.327  INFO 8884 --- [main] com.store.doan.config.InitDefaultData    : app ready!
2020-12-06 18:39:18.471  INFO 8884 --- [http-nio-8080-exec-1] o.a.c.c.C.[Tomcat].[localhost].[/]       : Initializing Spring DispatcherServlet 'dispatcherServlet'
2020-12-06 18:39:18.471  INFO 8884 --- [http-nio-8080-exec-1] o.s.web.servlet.DispatcherServlet        : Initializing Servlet 'dispatcherServlet'
2020-12-06 18:39:18.482  INFO 8884 --- [http-nio-8080-exec-1] o.s.web.servlet.DispatcherServlet        : Completed initialization in 11 ms
2020-12-06 18:39:27.845  INFO 8884 --- [http-nio-8080-exec-7] c.s.d.service.impl.QuotationServiceImpl  : user id: 1  updated success quotation with id 6
2020-12-06 18:39:46.745  INFO 8884 --- [http-nio-8080-exec-8] c.s.d.service.impl.QuotationServiceImpl  : user id: 1 had save success order with id 6
2020-12-06 18:39:46.746  INFO 8884 --- [http-nio-8080-exec-8] c.s.d.service.impl.QuotationServiceImpl  : user id: 1 had save success quotation with id 9
2020-12-06 18:39:50.403 ERROR 8884 --- [Thread-3] com.store.doan.utils.UtilsCommon         : send mail error with username account: tien
2020-12-06 18:39:51.555  INFO 8884 --- [Thread-4] com.store.doan.utils.UtilsCommon         : send mail success with username account: dangtruongsinh123@gmail.com
2020-12-06 18:39:56.857  INFO 8884 --- [http-nio-8080-exec-5] c.s.d.service.impl.QuotationServiceImpl  : user id: 1 had save success order with id 7
2020-12-06 18:39:56.858  INFO 8884 --- [http-nio-8080-exec-5] c.s.d.service.impl.QuotationServiceImpl  : user id: 1 had save success quotation with id 10
2020-12-06 18:39:59.910 ERROR 8884 --- [Thread-5] com.store.doan.utils.UtilsCommon         : send mail error with username account: tien
2020-12-06 18:40:00.925  INFO 8884 --- [Thread-6] com.store.doan.utils.UtilsCommon         : send mail success with username account: dangtruongsinh123@gmail.com
2020-12-06 18:40:13.160  INFO 8884 --- [http-nio-8080-exec-7] c.s.d.service.impl.QuotationServiceImpl  : user id: 1 had save success order with id 8
2020-12-06 18:40:13.160  INFO 8884 --- [http-nio-8080-exec-7] c.s.d.service.impl.QuotationServiceImpl  : user id: 1 had save success quotation with id 11
2020-12-06 18:40:17.068 ERROR 8884 --- [Thread-7] com.store.doan.utils.UtilsCommon         : send mail error with username account: tien
2020-12-06 18:40:17.960  INFO 8884 --- [Thread-8] com.store.doan.utils.UtilsCommon         : send mail success with username account: dangtruongsinh123@gmail.com
2020-12-06 18:40:24.058  INFO 8884 --- [http-nio-8080-exec-5] c.s.d.service.impl.QuotationServiceImpl  : user id: 1 had save success order with id 9
2020-12-06 18:40:24.058  INFO 8884 --- [http-nio-8080-exec-5] c.s.d.service.impl.QuotationServiceImpl  : user id: 1 had save success quotation with id 12
2020-12-06 18:40:27.303 ERROR 8884 --- [Thread-9] com.store.doan.utils.UtilsCommon         : send mail error with username account: tien
2020-12-06 18:40:28.303  INFO 8884 --- [Thread-10] com.store.doan.utils.UtilsCommon         : send mail success with username account: dangtruongsinh123@gmail.com
2020-12-06 19:08:43.314  INFO 8884 --- [http-nio-8080-exec-8] c.s.d.service.impl.SuppliesServiceImpl   : create new supplies success by account id: 1
2020-12-06 19:08:59.237  INFO 8884 --- [http-nio-8080-exec-2] c.s.d.service.impl.SuppliesServiceImpl   : update supplies success by account id: 1
2020-12-06 19:15:11.285  INFO 8884 --- [http-nio-8080-exec-4] c.s.d.service.impl.QuotationServiceImpl  : user id: 1  updated success quotation with id 12
2020-12-06 19:31:23.420  INFO 17552 --- [main] com.store.doan.DoanApplication           : Starting DoanApplication on DESKTOP-79K4QD0 with PID 17552 (F:\fullstack-springboot-react\project-for-tien\doan\target\classes started by 16119 in F:\fullstack-springboot-react\project-for-tien\doan)
2020-12-06 19:31:23.424  INFO 17552 --- [main] com.store.doan.DoanApplication           : The following profiles are active: dev
2020-12-06 19:31:24.970  INFO 17552 --- [main] .s.d.r.c.RepositoryConfigurationDelegate : Bootstrapping Spring Data JPA repositories in DEFAULT mode.
2020-12-06 19:31:25.266  INFO 17552 --- [main] .s.d.r.c.RepositoryConfigurationDelegate : Finished Spring Data repository scanning in 280ms. Found 12 JPA repository interfaces.
2020-12-06 19:31:26.873  INFO 17552 --- [main] o.s.b.w.embedded.tomcat.TomcatWebServer  : Tomcat initialized with port(s): 8080 (http)
2020-12-06 19:31:26.889  INFO 17552 --- [main] o.apache.catalina.core.StandardService   : Starting service [Tomcat]
2020-12-06 19:31:26.890  INFO 17552 --- [main] org.apache.catalina.core.StandardEngine  : Starting Servlet engine: [Apache Tomcat/9.0.38]
2020-12-06 19:31:27.028  INFO 17552 --- [main] o.a.c.c.C.[Tomcat].[localhost].[/]       : Initializing Spring embedded WebApplicationContext
2020-12-06 19:31:27.028  INFO 17552 --- [main] w.s.c.ServletWebServerApplicationContext : Root WebApplicationContext: initialization completed in 3399 ms
2020-12-06 19:31:27.173  WARN 17552 --- [main] JpaBaseConfiguration$JpaWebConfiguration : spring.jpa.open-in-view is enabled by default. Therefore, database queries may be performed during view rendering. Explicitly configure spring.jpa.open-in-view to disable this warning
2020-12-06 19:31:27.397  INFO 17552 --- [main] o.hibernate.jpa.internal.util.LogHelper  : HHH000204: Processing PersistenceUnitInfo [name: default]
2020-12-06 19:31:27.475  INFO 17552 --- [main] org.hibernate.Version                    : HHH000412: Hibernate ORM core version 5.4.21.Final
2020-12-06 19:31:27.812  INFO 17552 --- [main] o.hibernate.annotations.common.Version   : HCANN000001: Hibernate Commons Annotations {5.1.0.Final}
2020-12-06 19:31:27.973  INFO 17552 --- [main] com.zaxxer.hikari.HikariDataSource       : HikariPool-1 - Starting...
2020-12-06 19:31:29.097  INFO 17552 --- [main] com.zaxxer.hikari.HikariDataSource       : HikariPool-1 - Start completed.
2020-12-06 19:31:29.161  INFO 17552 --- [main] org.hibernate.dialect.Dialect            : HHH000400: Using dialect: org.hibernate.dialect.MySQL5InnoDBDialect
2020-12-06 19:31:31.255  INFO 17552 --- [main] o.h.e.t.j.p.i.JtaPlatformInitiator       : HHH000490: Using JtaPlatform implementation: [org.hibernate.engine.transaction.jta.platform.internal.NoJtaPlatform]
2020-12-06 19:31:31.269  INFO 17552 --- [main] j.LocalContainerEntityManagerFactoryBean : Initialized JPA EntityManagerFactory for persistence unit 'default'
2020-12-06 19:31:33.514  INFO 17552 --- [main] o.s.b.a.w.s.WelcomePageHandlerMapping    : Adding welcome page: class path resource [public/index.html]
2020-12-06 19:31:33.665  INFO 17552 --- [main] o.s.s.web.DefaultSecurityFilterChain     : Creating filter chain: any request, [org.springframework.security.web.context.request.async.WebAsyncManagerIntegrationFilter@1d2d4d7a, org.springframework.security.web.context.SecurityContextPersistenceFilter@5b6cc344, org.springframework.security.web.header.HeaderWriterFilter@5a6efe33, org.springframework.web.filter.CorsFilter@5e020dd1, org.springframework.security.web.authentication.logout.LogoutFilter@9d3a7a1, com.store.doan.security.jwt.AuthTokenFilter@42b4df5a, org.springframework.security.web.savedrequest.RequestCacheAwareFilter@83e635f, org.springframework.security.web.servletapi.SecurityContextHolderAwareRequestFilter@2d3b0978, org.springframework.security.web.authentication.AnonymousAuthenticationFilter@4bbc02ef, org.springframework.security.web.session.SessionManagementFilter@1a06602f, org.springframework.security.web.access.ExceptionTranslationFilter@148b6f95, org.springframework.security.web.access.intercept.FilterSecurityInterceptor@7809b43a]
2020-12-06 19:31:33.790  INFO 17552 --- [main] o.s.s.concurrent.ThreadPoolTaskExecutor  : Initializing ExecutorService 'applicationTaskExecutor'
2020-12-06 19:31:34.052  INFO 17552 --- [main] o.s.b.w.embedded.tomcat.TomcatWebServer  : Tomcat started on port(s): 8080 (http) with context path ''
2020-12-06 19:31:34.055  INFO 17552 --- [main] com.store.doan.DoanApplication           : Started DoanApplication in 11.434 seconds (JVM running for 12.262)
2020-12-06 19:31:34.076  INFO 17552 --- [main] com.store.doan.config.InitDefaultData    : app ready!
2020-12-06 19:31:34.238  INFO 17552 --- [http-nio-8080-exec-1] o.a.c.c.C.[Tomcat].[localhost].[/]       : Initializing Spring DispatcherServlet 'dispatcherServlet'
2020-12-06 19:31:34.239  INFO 17552 --- [http-nio-8080-exec-1] o.s.web.servlet.DispatcherServlet        : Initializing Servlet 'dispatcherServlet'
2020-12-06 19:31:34.252  INFO 17552 --- [http-nio-8080-exec-1] o.s.web.servlet.DispatcherServlet        : Completed initialization in 13 ms
2020-12-06 19:51:30.420  INFO 17552 --- [http-nio-8080-exec-6] c.s.d.service.impl.QuotationServiceImpl  : user id: 1  updated success quotation with id 12
2020-12-06 19:51:47.913  INFO 17552 --- [http-nio-8080-exec-7] c.s.d.service.impl.QuotationServiceImpl  : user id: 1  updated success quotation with id 12
2020-12-06 20:13:42.058  INFO 12860 --- [main] com.store.doan.DoanApplicationTests      : Starting DoanApplicationTests on DESKTOP-79K4QD0 with PID 12860 (started by 16119 in F:\fullstack-springboot-react\project-for-tien\doan)
2020-12-06 20:13:42.061  INFO 12860 --- [main] com.store.doan.DoanApplicationTests      : The following profiles are active: dev
2020-12-06 20:13:45.126  INFO 12860 --- [main] .s.d.r.c.RepositoryConfigurationDelegate : Bootstrapping Spring Data JPA repositories in DEFAULT mode.
2020-12-06 20:13:45.405  INFO 12860 --- [main] .s.d.r.c.RepositoryConfigurationDelegate : Finished Spring Data repository scanning in 239ms. Found 12 JPA repository interfaces.
2020-12-06 20:13:47.270  INFO 12860 --- [main] o.hibernate.jpa.internal.util.LogHelper  : HHH000204: Processing PersistenceUnitInfo [name: default]
2020-12-06 20:13:47.556  INFO 12860 --- [main] org.hibernate.Version                    : HHH000412: Hibernate ORM core version 5.4.21.Final
2020-12-06 20:13:48.025  INFO 12860 --- [main] o.hibernate.annotations.common.Version   : HCANN000001: Hibernate Commons Annotations {5.1.0.Final}
2020-12-06 20:13:49.061  INFO 12860 --- [main] com.zaxxer.hikari.HikariDataSource       : HikariPool-1 - Starting...
2020-12-06 20:13:50.892  INFO 12860 --- [main] com.zaxxer.hikari.HikariDataSource       : HikariPool-1 - Start completed.
2020-12-06 20:13:51.056  INFO 12860 --- [main] org.hibernate.dialect.Dialect            : HHH000400: Using dialect: org.hibernate.dialect.MySQL5InnoDBDialect
2020-12-06 20:13:54.601  INFO 12860 --- [main] o.h.e.t.j.p.i.JtaPlatformInitiator       : HHH000490: Using JtaPlatform implementation: [org.hibernate.engine.transaction.jta.platform.internal.NoJtaPlatform]
2020-12-06 20:13:54.619  INFO 12860 --- [main] j.LocalContainerEntityManagerFactoryBean : Initialized JPA EntityManagerFactory for persistence unit 'default'
2020-12-06 20:13:54.823  WARN 12860 --- [main] JpaBaseConfiguration$JpaWebConfiguration : spring.jpa.open-in-view is enabled by default. Therefore, database queries may be performed during view rendering. Explicitly configure spring.jpa.open-in-view to disable this warning
2020-12-06 20:13:58.099  INFO 12860 --- [main] o.s.b.a.w.s.WelcomePageHandlerMapping    : Adding welcome page: class path resource [public/index.html]
2020-12-06 20:13:58.591  INFO 12860 --- [main] o.s.s.web.DefaultSecurityFilterChain     : Creating filter chain: any request, [org.springframework.security.web.context.request.async.WebAsyncManagerIntegrationFilter@11ce9319, org.springframework.security.web.context.SecurityContextPersistenceFilter@1e482ecd, org.springframework.security.web.header.HeaderWriterFilter@53d87b2d, org.springframework.web.filter.CorsFilter@780c0, org.springframework.security.web.authentication.logout.LogoutFilter@14b48f39, com.store.doan.security.jwt.AuthTokenFilter@362cf66, org.springframework.security.web.savedrequest.RequestCacheAwareFilter@bc52a41, org.springframework.security.web.servletapi.SecurityContextHolderAwareRequestFilter@3ad2883a, org.springframework.security.web.authentication.AnonymousAuthenticationFilter@1b3bb287, org.springframework.security.web.session.SessionManagementFilter@74f649a7, org.springframework.security.web.access.ExceptionTranslationFilter@39c5a105, org.springframework.security.web.access.intercept.FilterSecurityInterceptor@32428874]
2020-12-06 20:13:59.398  INFO 12860 --- [main] o.s.s.concurrent.ThreadPoolTaskExecutor  : Initializing ExecutorService 'applicationTaskExecutor'
2020-12-06 20:13:59.908  INFO 12860 --- [main] com.store.doan.DoanApplicationTests      : Started DoanApplicationTests in 18.697 seconds (JVM running for 23.257)
2020-12-06 20:13:59.940  INFO 12860 --- [main] com.store.doan.config.InitDefaultData    : app ready!
2020-12-06 20:14:00.281  INFO 12860 --- [SpringContextShutdownHook] o.s.s.concurrent.ThreadPoolTaskExecutor  : Shutting down ExecutorService 'applicationTaskExecutor'
2020-12-06 20:14:00.289  INFO 12860 --- [SpringContextShutdownHook] j.LocalContainerEntityManagerFactoryBean : Closing JPA EntityManagerFactory for persistence unit 'default'
2020-12-06 20:14:00.305  INFO 12860 --- [SpringContextShutdownHook] com.zaxxer.hikari.HikariDataSource       : HikariPool-1 - Shutdown initiated...
2020-12-06 20:14:00.331  INFO 12860 --- [SpringContextShutdownHook] com.zaxxer.hikari.HikariDataSource       : HikariPool-1 - Shutdown completed.
